<?xml version="1.0" encoding="UTF-8" ?>
<testsuite tests="6" failures="0" name="ru.job4j.chapter_001.list.DynamicArrayTest" time="0" errors="0" skipped="0">
  <properties>
[...]
</properties>
  <testcase classname="ru.job4j.chapter_001.list.DynamicArrayTest" name="whenGetEmptyFromIt" time="0"/>
  <testcase classname="ru.job4j.chapter_001.list.DynamicArrayTest" name="whenGetEmpty" time="0"/>
  <testcase classname="ru.job4j.chapter_001.list.DynamicArrayTest" name="whenGetOutBound" time="0"/>
  <testcase classname="ru.job4j.chapter_001.list.DynamicArrayTest" name="whenAddAndGet" time="0"/>
  <testcase classname="ru.job4j.chapter_001.list.DynamicArrayTest" name="whenCorruptedIt" time="0"/>
  <testcase classname="ru.job4j.chapter_001.list.DynamicArrayTest" name="whenAddThenGet" time="0"/>
</testsuite>