<?xml version="1.0" encoding="UTF-8"?>
<testsuite xmlns:xsi="http://www.w3.org/2001/XMLSchema-instance" xsi:noNamespaceSchemaLocation="https://maven.apache.org/surefire/maven-surefire-plugin/xsd/surefire-test-report.xsd" name="ru.job4j.chapter_001.iterator.flatmap_for_iterator.FlatMapTest" time="0.001" tests="5" errors="0" skipped="0" failures="0">
  <properties>
[...]
</properties>
  <testcase name="whenMultiHasNext" classname="ru.job4j.chapter_001.iterator.flatmap_for_iterator.FlatMapTest" time="0"/>
  <testcase name="whenEmpty" classname="ru.job4j.chapter_001.iterator.flatmap_for_iterator.FlatMapTest" time="0"/>
  <testcase name="whenHasNextFalse" classname="ru.job4j.chapter_001.iterator.flatmap_for_iterator.FlatMapTest" time="0"/>
  <testcase name="whenDiffNext" classname="ru.job4j.chapter_001.iterator.flatmap_for_iterator.FlatMapTest" time="0"/>
  <testcase name="whenSeqNext" classname="ru.job4j.chapter_001.iterator.flatmap_for_iterator.FlatMapTest" time="0"/>
</testsuite>